<?xml version="1.0" encoding="UTF-8" ?>
<testsuite failures="0" time="6.627" errors="0" skipped="0" tests="3" name="edu.ienpop.dao.TestAlumnoDao">
  <properties>
    <property name="java.runtime.name" value="Java(TM) SE Runtime Environment"/>
    <property name="sun.boot.library.path" value="/System/Library/Frameworks/JavaVM.framework/Versions/1.6.0/Libraries"/>
    <property name="java.vm.version" value="14.1-b02-90"/>
    <property name="awt.nativeDoubleBuffering" value="true"/>
    <property name="gopherProxySet" value="false"/>
    <property name="java.vm.vendor" value="Apple Inc."/>
    <property name="java.vendor.url" value="http://www.apple.com/"/>
    <property name="path.separator" value=":"/>
    <property name="java.vm.name" value="Java HotSpot(TM) Client VM"/>
    <property name="file.encoding.pkg" value="sun.io"/>
    <property name="user.country" value="ES"/>
    <property name="sun.java.launcher" value="SUN_STANDARD"/>
    <property name="sun.os.patch.level" value="unknown"/>
    <property name="java.vm.specification.name" value="Java Virtual Machine Specification"/>
    <property name="user.dir" value="/Users/neodevelop/Documents/Workspaces/ienpopWorkspace/svn/trunk/SIYEN/ienpop-api"/>
    <property name="java.runtime.version" value="1.6.0_15-b03-219"/>
    <property name="java.awt.graphicsenv" value="apple.awt.CGraphicsEnvironment"/>
    <property name="basedir" value="/Users/neodevelop/Documents/Workspaces/ienpopWorkspace/svn/trunk/SIYEN/ienpop-api"/>
    <property name="java.endorsed.dirs" value="/System/Library/Frameworks/JavaVM.framework/Versions/1.6.0/Home/lib/endorsed"/>
    <property name="os.arch" value="i386"/>
    <property name="surefire.real.class.path" value="/var/folders/eI/eI3tHb6ZFNGHaLDfP0WBBk+++TI/-Tmp-/surefirebooter1335162888892216714.jar"/>
    <property name="java.io.tmpdir" value="/var/folders/eI/eI3tHb6ZFNGHaLDfP0WBBk+++TI/-Tmp-/"/>
    <property name="line.separator" value="
"/>
    <property name="java.vm.specification.vendor" value="Sun Microsystems Inc."/>
    <property name="os.name" value="Mac OS X"/>
    <property name="sun.jnu.encoding" value="MacRoman"/>
    <property name="java.library.path" value=".:/Library/Java/Extensions:/System/Library/Java/Extensions:/usr/lib/java"/>
    <property name="surefire.test.class.path" value="/Users/neodevelop/Documents/Workspaces/ienpopWorkspace/svn/trunk/SIYEN/ienpop-api/target/test-classes:/Users/neodevelop/Documents/Workspaces/ienpopWorkspace/svn/trunk/SIYEN/ienpop-api/target/classes:/Users/neodevelop/.m2/repository/edu/ienpop/ienpop-core/0.1-SNAPSHOT/ienpop-core-0.1-SNAPSHOT.jar:/Users/neodevelop/.m2/repository/junit/junit/4.7/junit-4.7.jar:/Users/neodevelop/.m2/repository/org/springframework/spring-core/3.0.0.RELEASE/spring-core-3.0.0.RELEASE.jar:/Users/neodevelop/.m2/repository/org/springframework/spring-asm/3.0.0.RELEASE/spring-asm-3.0.0.RELEASE.jar:/Users/neodevelop/.m2/repository/commons-logging/commons-logging/1.1.1/commons-logging-1.1.1.jar:/Users/neodevelop/.m2/repository/org/springframework/spring-expression/3.0.0.RELEASE/spring-expression-3.0.0.RELEASE.jar:/Users/neodevelop/.m2/repository/org/springframework/spring-beans/3.0.0.RELEASE/spring-beans-3.0.0.RELEASE.jar:/Users/neodevelop/.m2/repository/org/springframework/spring-context/3.0.0.RELEASE/spring-context-3.0.0.RELEASE.jar:/Users/neodevelop/.m2/repository/org/springframework/spring-context-support/3.0.0.RELEASE/spring-context-support-3.0.0.RELEASE.jar:/Users/neodevelop/.m2/repository/org/springframework/spring-tx/3.0.0.RELEASE/spring-tx-3.0.0.RELEASE.jar:/Users/neodevelop/.m2/repository/aopalliance/aopalliance/1.0/aopalliance-1.0.jar:/Users/neodevelop/.m2/repository/org/springframework/spring-aop/3.0.0.RELEASE/spring-aop-3.0.0.RELEASE.jar:/Users/neodevelop/.m2/repository/org/springframework/spring-jdbc/3.0.0.RELEASE/spring-jdbc-3.0.0.RELEASE.jar:/Users/neodevelop/.m2/repository/org/springframework/spring-orm/3.0.0.RELEASE/spring-orm-3.0.0.RELEASE.jar:/Users/neodevelop/.m2/repository/org/springframework/spring-jms/3.0.0.RELEASE/spring-jms-3.0.0.RELEASE.jar:/Users/neodevelop/.m2/repository/org/springframework/spring-test/3.0.0.RELEASE/spring-test-3.0.0.RELEASE.jar:/Users/neodevelop/.m2/repository/org/hibernate/hibernate/3.2.7.ga/hibernate-3.2.7.ga.jar:/Users/neodevelop/.m2/repository/net/sf/ehcache/ehcache/1.2.3/ehcache-1.2.3.jar:/Users/neodevelop/.m2/repository/commons-collections/commons-collections/3.2.1/commons-collections-3.2.1.jar:/Users/neodevelop/.m2/repository/javax/transaction/jta/1.0.1B/jta-1.0.1B.jar:/Users/neodevelop/.m2/repository/dom4j/dom4j/1.6.1/dom4j-1.6.1.jar:/Users/neodevelop/.m2/repository/antlr/antlr/2.7.6/antlr-2.7.6.jar:/Users/neodevelop/.m2/repository/asm/asm-all/3.2/asm-all-3.2.jar:/Users/neodevelop/.m2/repository/cglib/cglib-nodep/2.2/cglib-nodep-2.2.jar:/Users/neodevelop/.m2/repository/commons-lang/commons-lang/2.4/commons-lang-2.4.jar:/Users/neodevelop/.m2/repository/commons-dbcp/commons-dbcp/1.2.2/commons-dbcp-1.2.2.jar:/Users/neodevelop/.m2/repository/commons-pool/commons-pool/1.3/commons-pool-1.3.jar:/Users/neodevelop/.m2/repository/log4j/log4j/1.2.14/log4j-1.2.14.jar:/Users/neodevelop/.m2/repository/mysql/mysql-connector-java/5.1.9/mysql-connector-java-5.1.9.jar:/Users/neodevelop/.m2/repository/javax/mail/mail/1.4.1/mail-1.4.1.jar:/Users/neodevelop/.m2/repository/javax/activation/activation/1.1/activation-1.1.jar:/Users/neodevelop/.m2/repository/org/apache/poi/poi/3.1-FINAL/poi-3.1-FINAL.jar:/Users/neodevelop/.m2/repository/org/freemarker/freemarker/2.3.16/freemarker-2.3.16.jar:/Users/neodevelop/.m2/repository/javax/jms/jms/1.1/jms-1.1.jar:/Users/neodevelop/.m2/repository/org/apache/activemq/activemq-all/5.3.0/activemq-all-5.3.0.jar:/Users/neodevelop/.m2/repository/com/thoughtworks/xstream/xstream/1.2.2/xstream-1.2.2.jar:/Users/neodevelop/.m2/repository/xpp3/xpp3_min/1.1.3.4.O/xpp3_min-1.1.3.4.O.jar:/Users/neodevelop/.m2/repository/jfree/jfreechart/1.0.12/jfreechart-1.0.12.jar:/Users/neodevelop/.m2/repository/jfree/jcommon/1.0.15/jcommon-1.0.15.jar:/Users/neodevelop/.m2/repository/org/apache/velocity/velocity/1.6.2/velocity-1.6.2.jar:/Users/neodevelop/.m2/repository/oro/oro/2.0.8/oro-2.0.8.jar:/Users/neodevelop/.m2/repository/org/aspectj/aspectjweaver/1.6.6/aspectjweaver-1.6.6.jar:/Users/neodevelop/.m2/repository/org/codehaus/groovy/groovy/1.7.0/groovy-1.7.0.jar:/Users/neodevelop/.m2/repository/asm/asm/3.2/asm-3.2.jar:/Users/neodevelop/.m2/repository/asm/asm-commons/3.2/asm-commons-3.2.jar:/Users/neodevelop/.m2/repository/asm/asm-tree/3.2/asm-tree-3.2.jar:/Users/neodevelop/.m2/repository/asm/asm-util/3.2/asm-util-3.2.jar:/Users/neodevelop/.m2/repository/asm/asm-analysis/3.2/asm-analysis-3.2.jar:/Users/neodevelop/.m2/repository/jline/jline/0.9.94/jline-0.9.94.jar:"/>
    <property name="java.specification.name" value="Java Platform API Specification"/>
    <property name="java.class.version" value="50.0"/>
    <property name="sun.management.compiler" value="HotSpot Client Compiler"/>
    <property name="os.version" value="10.6"/>
    <property name="user.home" value="/Users/neodevelop"/>
    <property name="user.timezone" value="America/Mexico_City"/>
    <property name="java.awt.printerjob" value="apple.awt.CPrinterJob"/>
    <property name="java.specification.version" value="1.6"/>
    <property name="file.encoding" value="MacRoman"/>
    <property name="user.name" value="neodevelop"/>
    <property name="java.class.path" value="/Users/neodevelop/Documents/Workspaces/ienpopWorkspace/svn/trunk/SIYEN/ienpop-api/target/test-classes:/Users/neodevelop/Documents/Workspaces/ienpopWorkspace/svn/trunk/SIYEN/ienpop-api/target/classes:/Users/neodevelop/.m2/repository/edu/ienpop/ienpop-core/0.1-SNAPSHOT/ienpop-core-0.1-SNAPSHOT.jar:/Users/neodevelop/.m2/repository/junit/junit/4.7/junit-4.7.jar:/Users/neodevelop/.m2/repository/org/springframework/spring-core/3.0.0.RELEASE/spring-core-3.0.0.RELEASE.jar:/Users/neodevelop/.m2/repository/org/springframework/spring-asm/3.0.0.RELEASE/spring-asm-3.0.0.RELEASE.jar:/Users/neodevelop/.m2/repository/commons-logging/commons-logging/1.1.1/commons-logging-1.1.1.jar:/Users/neodevelop/.m2/repository/org/springframework/spring-expression/3.0.0.RELEASE/spring-expression-3.0.0.RELEASE.jar:/Users/neodevelop/.m2/repository/org/springframework/spring-beans/3.0.0.RELEASE/spring-beans-3.0.0.RELEASE.jar:/Users/neodevelop/.m2/repository/org/springframework/spring-context/3.0.0.RELEASE/spring-context-3.0.0.RELEASE.jar:/Users/neodevelop/.m2/repository/org/springframework/spring-context-support/3.0.0.RELEASE/spring-context-support-3.0.0.RELEASE.jar:/Users/neodevelop/.m2/repository/org/springframework/spring-tx/3.0.0.RELEASE/spring-tx-3.0.0.RELEASE.jar:/Users/neodevelop/.m2/repository/aopalliance/aopalliance/1.0/aopalliance-1.0.jar:/Users/neodevelop/.m2/repository/org/springframework/spring-aop/3.0.0.RELEASE/spring-aop-3.0.0.RELEASE.jar:/Users/neodevelop/.m2/repository/org/springframework/spring-jdbc/3.0.0.RELEASE/spring-jdbc-3.0.0.RELEASE.jar:/Users/neodevelop/.m2/repository/org/springframework/spring-orm/3.0.0.RELEASE/spring-orm-3.0.0.RELEASE.jar:/Users/neodevelop/.m2/repository/org/springframework/spring-jms/3.0.0.RELEASE/spring-jms-3.0.0.RELEASE.jar:/Users/neodevelop/.m2/repository/org/springframework/spring-test/3.0.0.RELEASE/spring-test-3.0.0.RELEASE.jar:/Users/neodevelop/.m2/repository/org/hibernate/hibernate/3.2.7.ga/hibernate-3.2.7.ga.jar:/Users/neodevelop/.m2/repository/net/sf/ehcache/ehcache/1.2.3/ehcache-1.2.3.jar:/Users/neodevelop/.m2/repository/commons-collections/commons-collections/3.2.1/commons-collections-3.2.1.jar:/Users/neodevelop/.m2/repository/javax/transaction/jta/1.0.1B/jta-1.0.1B.jar:/Users/neodevelop/.m2/repository/dom4j/dom4j/1.6.1/dom4j-1.6.1.jar:/Users/neodevelop/.m2/repository/antlr/antlr/2.7.6/antlr-2.7.6.jar:/Users/neodevelop/.m2/repository/asm/asm-all/3.2/asm-all-3.2.jar:/Users/neodevelop/.m2/repository/cglib/cglib-nodep/2.2/cglib-nodep-2.2.jar:/Users/neodevelop/.m2/repository/commons-lang/commons-lang/2.4/commons-lang-2.4.jar:/Users/neodevelop/.m2/repository/commons-dbcp/commons-dbcp/1.2.2/commons-dbcp-1.2.2.jar:/Users/neodevelop/.m2/repository/commons-pool/commons-pool/1.3/commons-pool-1.3.jar:/Users/neodevelop/.m2/repository/log4j/log4j/1.2.14/log4j-1.2.14.jar:/Users/neodevelop/.m2/repository/mysql/mysql-connector-java/5.1.9/mysql-connector-java-5.1.9.jar:/Users/neodevelop/.m2/repository/javax/mail/mail/1.4.1/mail-1.4.1.jar:/Users/neodevelop/.m2/repository/javax/activation/activation/1.1/activation-1.1.jar:/Users/neodevelop/.m2/repository/org/apache/poi/poi/3.1-FINAL/poi-3.1-FINAL.jar:/Users/neodevelop/.m2/repository/org/freemarker/freemarker/2.3.16/freemarker-2.3.16.jar:/Users/neodevelop/.m2/repository/javax/jms/jms/1.1/jms-1.1.jar:/Users/neodevelop/.m2/repository/org/apache/activemq/activemq-all/5.3.0/activemq-all-5.3.0.jar:/Users/neodevelop/.m2/repository/com/thoughtworks/xstream/xstream/1.2.2/xstream-1.2.2.jar:/Users/neodevelop/.m2/repository/xpp3/xpp3_min/1.1.3.4.O/xpp3_min-1.1.3.4.O.jar:/Users/neodevelop/.m2/repository/jfree/jfreechart/1.0.12/jfreechart-1.0.12.jar:/Users/neodevelop/.m2/repository/jfree/jcommon/1.0.15/jcommon-1.0.15.jar:/Users/neodevelop/.m2/repository/org/apache/velocity/velocity/1.6.2/velocity-1.6.2.jar:/Users/neodevelop/.m2/repository/oro/oro/2.0.8/oro-2.0.8.jar:/Users/neodevelop/.m2/repository/org/aspectj/aspectjweaver/1.6.6/aspectjweaver-1.6.6.jar:/Users/neodevelop/.m2/repository/org/codehaus/groovy/groovy/1.7.0/groovy-1.7.0.jar:/Users/neodevelop/.m2/repository/asm/asm/3.2/asm-3.2.jar:/Users/neodevelop/.m2/repository/asm/asm-commons/3.2/asm-commons-3.2.jar:/Users/neodevelop/.m2/repository/asm/asm-tree/3.2/asm-tree-3.2.jar:/Users/neodevelop/.m2/repository/asm/asm-util/3.2/asm-util-3.2.jar:/Users/neodevelop/.m2/repository/asm/asm-analysis/3.2/asm-analysis-3.2.jar:/Users/neodevelop/.m2/repository/jline/jline/0.9.94/jline-0.9.94.jar:"/>
    <property name="java.vm.specification.version" value="1.0"/>
    <property name="sun.arch.data.model" value="32"/>
    <property name="java.home" value="/System/Library/Frameworks/JavaVM.framework/Versions/1.6.0/Home"/>
    <property name="java.specification.vendor" value="Sun Microsystems Inc."/>
    <property name="user.language" value="es"/>
    <property name="awt.toolkit" value="apple.awt.CToolkit"/>
    <property name="java.vm.info" value="mixed mode"/>
    <property name="java.version" value="1.6.0_15"/>
    <property name="java.ext.dirs" value="/Library/Java/Extensions:/System/Library/Java/Extensions:/System/Library/Frameworks/JavaVM.framework/Versions/1.6.0/Home/lib/ext"/>
    <property name="sun.boot.class.path" value="/System/Library/Frameworks/JavaVM.framework/Versions/1.6.0/Classes/jsfd.jar:/System/Library/Frameworks/JavaVM.framework/Versions/1.6.0/Classes/classes.jar:/System/Library/Frameworks/JavaVM.framework/Frameworks/JavaRuntimeSupport.framework/Resources/Java/JavaRuntimeSupport.jar:/System/Library/Frameworks/JavaVM.framework/Versions/1.6.0/Classes/ui.jar:/System/Library/Frameworks/JavaVM.framework/Versions/1.6.0/Classes/laf.jar:/System/Library/Frameworks/JavaVM.framework/Versions/1.6.0/Classes/sunrsasign.jar:/System/Library/Frameworks/JavaVM.framework/Versions/1.6.0/Classes/jsse.jar:/System/Library/Frameworks/JavaVM.framework/Versions/1.6.0/Classes/jce.jar:/System/Library/Frameworks/JavaVM.framework/Versions/1.6.0/Classes/charsets.jar"/>
    <property name="java.vendor" value="Apple Inc."/>
    <property name="localRepository" value="/Users/neodevelop/.m2/repository"/>
    <property name="file.separator" value="/"/>
    <property name="java.vendor.url.bug" value="http://bugreport.apple.com/"/>
    <property name="sun.cpu.endian" value="little"/>
    <property name="sun.io.unicode.encoding" value="UnicodeLittle"/>
    <property name="mrj.version" value="1060.1.6.0_15-219"/>
    <property name="sun.cpu.isalist" value=""/>
  </properties>
  <testcase time="5.752" classname="edu.ienpop.dao.TestAlumnoDao" name="testAlumnoDao"/>
  <testcase time="0.602" classname="edu.ienpop.dao.TestAlumnoDao" name="testAlumnoDao2"/>
  <testcase time="0.165" classname="edu.ienpop.dao.TestAlumnoDao" name="testAlumnoDao3"/>
</testsuite>